<?xml version="1.0" encoding="UTF-8"?>
<testsuite xmlns:xsi="http://www.w3.org/2001/XMLSchema-instance" xsi:noNamespaceSchemaLocation="https://maven.apache.org/surefire/maven-surefire-plugin/xsd/surefire-test-report-3.0.xsd" version="3.0" name="com.tpg.TestPaperGeneratorApplicationTests" time="71.269" tests="1" errors="0" skipped="0" failures="0">
  <properties>
[...]
</properties>
  <testcase name="contextLoads" classname="com.tpg.TestPaperGeneratorApplicationTests" time="5.886">
    <system-out><![CDATA[17:31:11.232 [main] INFO org.springframework.test.context.support.AnnotationConfigContextLoaderUtils -- Could not detect default configuration classes for test class [com.tpg.TestPaperGeneratorApplicationTests]: TestPaperGeneratorApplicationTests does not declare any static, non-private, non-final, nested classes annotated with @Configuration.
17:31:16.133 [main] INFO org.springframework.boot.test.context.SpringBootTestContextBootstrapper -- Found @SpringBootConfiguration com.tpg.TestPaperGeneratorApplication for test class com.tpg.TestPaperGeneratorApplicationTests

  .   ____          _            __ _ _
 /\\ / ___'_ __ _ _(_)_ __  __ _ \ \ \ \
( ( )\___ | '_ | '_| | '_ \/ _` | \ \ \ \
 \\/  ___)| |_)| | | | | || (_| |  ) ) ) )
  '  |____| .__|_| |_|_| |_\__, | / / / /
 =========|_|==============|___/=/_/_/_/
 :: Spring Boot ::                (v3.1.4)

2023-09-29T17:31:39.404+05:30  INFO 10368 --- [           main] c.t.TestPaperGeneratorApplicationTests   : Starting TestPaperGeneratorApplicationTests using Java 17.0.7 with PID 10368 (started by mahalaxmi in C:\Users\mahalaxmi\Desktop\Test-Paper-Generator\Test_Paper_Generator)
2023-09-29T17:31:39.408+05:30  INFO 10368 --- [           main] c.t.TestPaperGeneratorApplicationTests   : No active profile set, falling back to 1 default profile: "default"
2023-09-29T17:32:04.665+05:30  INFO 10368 --- [           main] c.t.TestPaperGeneratorApplicationTests   : Started TestPaperGeneratorApplicationTests in 39.136 seconds (process running for 72.291)
]]></system-out>
  </testcase>
</testsuite>